<?xml version="1.0" encoding="UTF-8"?>
<!-- Generated by org.testng.reporters.JUnitReportReporter -->
<testsuite skipped="0" hostname="DESKTOP-19Q16R0" name="abcdacademy.RESTApiTest" tests="2" failures="0" timestamp="2020-12-22T23:42:47 PST" time="0.055" errors="0">
  <testcase name="deleteTwitter" time="0.053" classname="abcdacademy.RESTApiTest"/>
  <system-out/>
  <testcase name="postJira" time="0.002" classname="abcdacademy.RESTApiTest"/>
  <system-out/>
</testsuite> <!-- abcdacademy.RESTApiTest -->
