<?xml version="1.0" encoding="UTF-8"?>
<!-- Generated by org.testng.reporters.JUnitReportReporter -->
<testsuite skipped="0" hostname="DESKTOP-19Q16R0" name="abcdacademy.SeleniumTest" tests="2" failures="0" timestamp="2020-12-22T23:42:47 PST" time="0.003" errors="0">
  <testcase name="elementsUi" time="0.002" classname="abcdacademy.SeleniumTest"/>
  <system-out/>
  <testcase name="BrowserAUtomation" time="0.001" classname="abcdacademy.SeleniumTest"/>
  <system-out/>
</testsuite> <!-- abcdacademy.SeleniumTest -->
