<?xml version="1.0" encoding="UTF-8"?>
<!-- Generated by org.testng.reporters.JUnitReportReporter -->
<testsuite skipped="0" hostname="DESKTOP-19Q16R0" name="abcdacademy.PracticePage" tests="2" failures="0" timestamp="2020-10-24T10:07:32 PDT" time="9.871" errors="0">
  <testcase name="textBoxTest" time="6.555" classname="abcdacademy.PracticePage"/>
  <system-out/>
  <testcase name="homePage" time="3.316" classname="abcdacademy.PracticePage"/>
  <system-out/>
</testsuite> <!-- abcdacademy.PracticePage -->
