<?xml version="1.0" encoding="UTF-8"?>
<!-- Generated by org.testng.reporters.JUnitReportReporter -->
<testsuite skipped="0" hostname="DESKTOP-19Q16R0" name="abcdacademy.SpicejetTest" tests="1" failures="0" timestamp="2020-11-01T07:38:26 PST" time="26.603" errors="0">
  <testcase name="dynamicDD" time="26.603" classname="abcdacademy.SpicejetTest"/>
  <system-out/>
</testsuite> <!-- abcdacademy.SpicejetTest -->
