<?xml version="1.0" encoding="UTF-8"?>
<!-- Generated by org.testng.reporters.JUnitReportReporter -->
<testsuite skipped="0" hostname="DESKTOP-19Q16R0" name="abcdacademy.AppiumTest" tests="2" failures="0" timestamp="2020-12-22T23:42:47 PST" time="0.004" errors="0">
  <testcase name="NativeAPpAndroid" time="0.002" classname="abcdacademy.AppiumTest"/>
  <system-out/>
  <testcase name="IOSApps" time="0.002" classname="abcdacademy.AppiumTest"/>
  <system-out/>
</testsuite> <!-- abcdacademy.AppiumTest -->
