<?xml version="1.0" encoding="UTF-8"?>
<!-- Generated by org.testng.reporters.JUnitReportReporter -->
<testsuite skipped="0" hostname="DESKTOP-19Q16R0" name="abcdacademy.AppiumTest" tests="2" failures="0" timestamp="08 Oct 2020 15:56:53 GMT" time="0.019" errors="0">
  <testcase name="IOSApps" time="0.019" classname="abcdacademy.AppiumTest"/>
  <testcase name="NativeAPpAndroid" time="0.000" classname="abcdacademy.AppiumTest"/>
</testsuite> <!-- abcdacademy.AppiumTest -->
