<?xml version="1.0" encoding="UTF-8"?>
<!-- Generated by org.testng.reporters.JUnitReportReporter -->
<testsuite skipped="0" hostname="DESKTOP-19Q16R0" name="abcdacademy.SeleniumTest" tests="2" failures="0" timestamp="08 Oct 2020 15:56:52 GMT" time="0.002" errors="0">
  <testcase name="BrowserAUtomation" time="0.001" classname="abcdacademy.SeleniumTest"/>
  <testcase name="elementsUi" time="0.001" classname="abcdacademy.SeleniumTest"/>
</testsuite> <!-- abcdacademy.SeleniumTest -->
